12:34:51:337  INFO 28888 --- [main] com.hmall.HMallApplication               : Starting HMallApplication using Java 11.0.27 on LAPTOP-1HM0512E with PID 28888 (D:\java-projects\hmall\hm-service\target\classes started by ZIO in D:\java-projects\hmall)
12:34:51:341 DEBUG 28888 --- [main] com.hmall.HMallApplication               : Running with Spring Boot v2.7.12, Spring v5.3.27
12:34:51:341  INFO 28888 --- [main] com.hmall.HMallApplication               : The following 1 profile is active: "local"
12:34:52:737  INFO 28888 --- [main] .s.d.r.c.RepositoryConfigurationDelegate : Multiple Spring Data modules found, entering strict repository configuration mode
12:34:52:739  INFO 28888 --- [main] .s.d.r.c.RepositoryConfigurationDelegate : Bootstrapping Spring Data Redis repositories in DEFAULT mode.
12:34:52:762  INFO 28888 --- [main] .s.d.r.c.RepositoryConfigurationDelegate : Finished Spring Data repository scanning in 10 ms. Found 0 Redis repository interfaces.
12:34:53:101  INFO 28888 --- [main] o.s.b.w.embedded.tomcat.TomcatWebServer  : Tomcat initialized with port(s): 8080 (http)
12:34:53:107  INFO 28888 --- [main] o.apache.catalina.core.StandardService   : Starting service [Tomcat]
12:34:53:107  INFO 28888 --- [main] org.apache.catalina.core.StandardEngine  : Starting Servlet engine: [Apache Tomcat/9.0.75]
12:34:53:180  INFO 28888 --- [main] o.a.c.c.C.[Tomcat].[localhost].[/]       : Initializing Spring embedded WebApplicationContext
12:34:53:180  INFO 28888 --- [main] w.s.c.ServletWebServerApplicationContext : Root WebApplicationContext: initialization completed in 1799 ms
12:34:54:642  INFO 28888 --- [main] pertySourcedRequestMappingHandlerMapping : Mapped URL path [/v2/api-docs] onto method [springfox.documentation.swagger2.web.Swagger2ControllerWebMvc#getDocumentation(String, HttpServletRequest)]
12:34:55:074  INFO 28888 --- [main] o.s.b.w.embedded.tomcat.TomcatWebServer  : Tomcat started on port(s): 8080 (http) with context path ''
12:34:55:076  INFO 28888 --- [main] d.s.w.p.DocumentationPluginsBootstrapper : Documentation plugins bootstrapped
12:34:55:081  INFO 28888 --- [main] d.s.w.p.DocumentationPluginsBootstrapper : Found 1 custom documentation plugin(s)
12:34:55:103  INFO 28888 --- [main] s.d.s.w.s.ApiListingReferenceScanner     : Scanning for api listing references
12:34:55:222  INFO 28888 --- [main] com.hmall.HMallApplication               : Started HMallApplication in 4.128 seconds (JVM running for 9.101)
15:23:53:151  INFO 28888 --- [http-nio-8080-exec-1] o.a.c.c.C.[Tomcat].[localhost].[/]       : Initializing Spring DispatcherServlet 'dispatcherServlet'
15:23:53:152  INFO 28888 --- [http-nio-8080-exec-1] o.s.web.servlet.DispatcherServlet        : Initializing Servlet 'dispatcherServlet'
15:23:53:154  INFO 28888 --- [http-nio-8080-exec-1] o.s.web.servlet.DispatcherServlet        : Completed initialization in 2 ms
15:23:53:200 ERROR 28888 --- [http-nio-8080-exec-1] c.h.common.advice.CommonExceptionAdvice  : 自定义异常 -> exception.common.com.hmall.user.UnauthorizedException , 异常原因：无效的token
15:23:53:207 DEBUG 28888 --- [http-nio-8080-exec-1] c.h.common.advice.CommonExceptionAdvice  : 

exception.common.com.hmall.user.UnauthorizedException: 无效的token
	at utils.com.hmall.user.JwtTool.parseToken(JwtTool.java:54) ~[classes/:na]
	at interceptor.com.hmall.user.LoginInterceptor.preHandle(LoginInterceptor.java:21) ~[classes/:na]
	at org.springframework.web.servlet.HandlerExecutionChain.applyPreHandle(HandlerExecutionChain.java:148) ~[spring-webmvc-5.3.27.jar:5.3.27]
	at org.springframework.web.servlet.DispatcherServlet.doDispatch(DispatcherServlet.java:1067) ~[spring-webmvc-5.3.27.jar:5.3.27]
	at org.springframework.web.servlet.DispatcherServlet.doService(DispatcherServlet.java:965) ~[spring-webmvc-5.3.27.jar:5.3.27]
	at org.springframework.web.servlet.FrameworkServlet.processRequest(FrameworkServlet.java:1006) ~[spring-webmvc-5.3.27.jar:5.3.27]
	at org.springframework.web.servlet.FrameworkServlet.doGet(FrameworkServlet.java:898) ~[spring-webmvc-5.3.27.jar:5.3.27]
	at javax.servlet.http.HttpServlet.service(HttpServlet.java:529) ~[tomcat-embed-core-9.0.75.jar:4.0.FR]
	at org.springframework.web.servlet.FrameworkServlet.service(FrameworkServlet.java:883) ~[spring-webmvc-5.3.27.jar:5.3.27]
	at javax.servlet.http.HttpServlet.service(HttpServlet.java:623) ~[tomcat-embed-core-9.0.75.jar:4.0.FR]
	at org.apache.catalina.core.ApplicationFilterChain.internalDoFilter(ApplicationFilterChain.java:209) ~[tomcat-embed-core-9.0.75.jar:9.0.75]
	at org.apache.catalina.core.ApplicationFilterChain.doFilter(ApplicationFilterChain.java:153) ~[tomcat-embed-core-9.0.75.jar:9.0.75]
	at org.apache.tomcat.websocket.server.WsFilter.doFilter(WsFilter.java:51) ~[tomcat-embed-websocket-9.0.75.jar:9.0.75]
	at org.apache.catalina.core.ApplicationFilterChain.internalDoFilter(ApplicationFilterChain.java:178) ~[tomcat-embed-core-9.0.75.jar:9.0.75]
	at org.apache.catalina.core.ApplicationFilterChain.doFilter(ApplicationFilterChain.java:153) ~[tomcat-embed-core-9.0.75.jar:9.0.75]
	at org.springframework.web.filter.RequestContextFilter.doFilterInternal(RequestContextFilter.java:100) ~[spring-web-5.3.27.jar:5.3.27]
	at org.springframework.web.filter.OncePerRequestFilter.doFilter(OncePerRequestFilter.java:117) ~[spring-web-5.3.27.jar:5.3.27]
	at org.apache.catalina.core.ApplicationFilterChain.internalDoFilter(ApplicationFilterChain.java:178) ~[tomcat-embed-core-9.0.75.jar:9.0.75]
	at org.apache.catalina.core.ApplicationFilterChain.doFilter(ApplicationFilterChain.java:153) ~[tomcat-embed-core-9.0.75.jar:9.0.75]
	at org.springframework.web.filter.FormContentFilter.doFilterInternal(FormContentFilter.java:93) ~[spring-web-5.3.27.jar:5.3.27]
	at org.springframework.web.filter.OncePerRequestFilter.doFilter(OncePerRequestFilter.java:117) ~[spring-web-5.3.27.jar:5.3.27]
	at org.apache.catalina.core.ApplicationFilterChain.internalDoFilter(ApplicationFilterChain.java:178) ~[tomcat-embed-core-9.0.75.jar:9.0.75]
	at org.apache.catalina.core.ApplicationFilterChain.doFilter(ApplicationFilterChain.java:153) ~[tomcat-embed-core-9.0.75.jar:9.0.75]
	at org.springframework.web.filter.CharacterEncodingFilter.doFilterInternal(CharacterEncodingFilter.java:201) ~[spring-web-5.3.27.jar:5.3.27]
	at org.springframework.web.filter.OncePerRequestFilter.doFilter(OncePerRequestFilter.java:117) ~[spring-web-5.3.27.jar:5.3.27]
	at org.apache.catalina.core.ApplicationFilterChain.internalDoFilter(ApplicationFilterChain.java:178) ~[tomcat-embed-core-9.0.75.jar:9.0.75]
	at org.apache.catalina.core.ApplicationFilterChain.doFilter(ApplicationFilterChain.java:153) ~[tomcat-embed-core-9.0.75.jar:9.0.75]
	at org.apache.catalina.core.StandardWrapperValve.invoke(StandardWrapperValve.java:167) ~[tomcat-embed-core-9.0.75.jar:9.0.75]
	at org.apache.catalina.core.StandardContextValve.invoke(StandardContextValve.java:90) ~[tomcat-embed-core-9.0.75.jar:9.0.75]
	at org.apache.catalina.authenticator.AuthenticatorBase.invoke(AuthenticatorBase.java:481) ~[tomcat-embed-core-9.0.75.jar:9.0.75]
	at org.apache.catalina.core.StandardHostValve.invoke(StandardHostValve.java:130) ~[tomcat-embed-core-9.0.75.jar:9.0.75]
	at org.apache.catalina.valves.ErrorReportValve.invoke(ErrorReportValve.java:93) ~[tomcat-embed-core-9.0.75.jar:9.0.75]
	at org.apache.catalina.core.StandardEngineValve.invoke(StandardEngineValve.java:74) ~[tomcat-embed-core-9.0.75.jar:9.0.75]
	at org.apache.catalina.connector.CoyoteAdapter.service(CoyoteAdapter.java:343) ~[tomcat-embed-core-9.0.75.jar:9.0.75]
	at org.apache.coyote.http11.Http11Processor.service(Http11Processor.java:390) ~[tomcat-embed-core-9.0.75.jar:9.0.75]
	at org.apache.coyote.AbstractProcessorLight.process(AbstractProcessorLight.java:63) ~[tomcat-embed-core-9.0.75.jar:9.0.75]
	at org.apache.coyote.AbstractProtocol$ConnectionHandler.process(AbstractProtocol.java:926) ~[tomcat-embed-core-9.0.75.jar:9.0.75]
	at org.apache.tomcat.util.net.NioEndpoint$SocketProcessor.doRun(NioEndpoint.java:1791) ~[tomcat-embed-core-9.0.75.jar:9.0.75]
	at org.apache.tomcat.util.net.SocketProcessorBase.run(SocketProcessorBase.java:52) ~[tomcat-embed-core-9.0.75.jar:9.0.75]
	at org.apache.tomcat.util.threads.ThreadPoolExecutor.runWorker(ThreadPoolExecutor.java:1191) ~[tomcat-embed-core-9.0.75.jar:9.0.75]
	at org.apache.tomcat.util.threads.ThreadPoolExecutor$Worker.run(ThreadPoolExecutor.java:659) ~[tomcat-embed-core-9.0.75.jar:9.0.75]
	at org.apache.tomcat.util.threads.TaskThread$WrappingRunnable.run(TaskThread.java:61) ~[tomcat-embed-core-9.0.75.jar:9.0.75]
	at java.base/java.lang.Thread.run(Thread.java:829) ~[na:na]
Caused by: cn.hutool.jwt.JWTException: The token was expected 3 parts, but got 1.
	at cn.hutool.jwt.JWT.splitToken(JWT.java:404) ~[hutool-all-5.8.11.jar:na]
	at cn.hutool.jwt.JWT.parse(JWT.java:96) ~[hutool-all-5.8.11.jar:na]
	at cn.hutool.jwt.JWT.<init>(JWT.java:85) ~[hutool-all-5.8.11.jar:na]
	at cn.hutool.jwt.JWT.of(JWT.java:66) ~[hutool-all-5.8.11.jar:na]
	at utils.com.hmall.user.JwtTool.parseToken(JwtTool.java:52) ~[classes/:na]
	... 42 common frames omitted

15:23:56:430  INFO 28888 --- [http-nio-8080-exec-3] com.zaxxer.hikari.HikariDataSource       : HikariPool-1 - Starting...
15:23:57:148  INFO 28888 --- [http-nio-8080-exec-3] com.zaxxer.hikari.HikariDataSource       : HikariPool-1 - Start completed.
15:23:57:161 DEBUG 28888 --- [http-nio-8080-exec-3] mapper.com.hmall.user.UserMapper.selectOne    : ==>  Preparing: SELECT id,username,password,phone,create_time,update_time,status,balance FROM user WHERE (username = ?)
15:23:57:197 DEBUG 28888 --- [http-nio-8080-exec-3] mapper.com.hmall.user.UserMapper.selectOne    : ==> Parameters: jack(String)
15:23:57:343 DEBUG 28888 --- [http-nio-8080-exec-3] mapper.com.hmall.user.UserMapper.selectOne    : <==      Total: 1
15:23:57:511 DEBUG 28888 --- [http-nio-8080-exec-2] mapper.com.hmall.user.UserMapper.selectOne    : ==>  Preparing: SELECT id,username,password,phone,create_time,update_time,status,balance FROM user WHERE (username = ?)
15:23:57:512 DEBUG 28888 --- [http-nio-8080-exec-2] mapper.com.hmall.user.UserMapper.selectOne    : ==> Parameters: jack(String)
15:23:57:516 DEBUG 28888 --- [http-nio-8080-exec-2] mapper.com.hmall.user.UserMapper.selectOne    : <==      Total: 1
15:23:57:736 DEBUG 28888 --- [http-nio-8080-exec-4] mapper.com.hmall.user.CartMapper.selectList   : ==>  Preparing: SELECT id,user_id,item_id,num,name,spec,price,image,create_time,update_time FROM cart WHERE (user_id = ?)
15:23:57:736 DEBUG 28888 --- [http-nio-8080-exec-4] mapper.com.hmall.user.CartMapper.selectList   : ==> Parameters: 1(Long)
15:23:57:749 DEBUG 28888 --- [http-nio-8080-exec-4] mapper.com.hmall.user.CartMapper.selectList   : <==      Total: 1
15:23:57:784 DEBUG 28888 --- [http-nio-8080-exec-4] c.h.mapper.ItemMapper.selectBatchIds     : ==>  Preparing: SELECT id,name,price,stock,image,category,brand,spec,sold,comment_count,isAD,status,create_time,update_time,creater,updater FROM item WHERE id IN ( ? )
15:23:57:785 DEBUG 28888 --- [http-nio-8080-exec-4] c.h.mapper.ItemMapper.selectBatchIds     : ==> Parameters: 2120808(Long)
15:23:57:796 DEBUG 28888 --- [http-nio-8080-exec-4] c.h.mapper.ItemMapper.selectBatchIds     : <==      Total: 1
15:24:06:997 DEBUG 28888 --- [http-nio-8080-exec-5] mapper.com.hmall.user.CartMapper.selectList   : ==>  Preparing: SELECT id,user_id,item_id,num,name,spec,price,image,create_time,update_time FROM cart WHERE (user_id = ?)
15:24:06:998 DEBUG 28888 --- [http-nio-8080-exec-5] mapper.com.hmall.user.CartMapper.selectList   : ==> Parameters: 1(Long)
15:24:07:000 DEBUG 28888 --- [http-nio-8080-exec-5] mapper.com.hmall.user.CartMapper.selectList   : <==      Total: 1
15:24:07:001 DEBUG 28888 --- [http-nio-8080-exec-5] c.h.mapper.ItemMapper.selectBatchIds     : ==>  Preparing: SELECT id,name,price,stock,image,category,brand,spec,sold,comment_count,isAD,status,create_time,update_time,creater,updater FROM item WHERE id IN ( ? )
15:24:07:001 DEBUG 28888 --- [http-nio-8080-exec-5] c.h.mapper.ItemMapper.selectBatchIds     : ==> Parameters: 2120808(Long)
15:24:07:004 DEBUG 28888 --- [http-nio-8080-exec-5] c.h.mapper.ItemMapper.selectBatchIds     : <==      Total: 1
15:29:07:140  INFO 35824 --- [main] cart.com.hmall.user.CartApplication           : Starting CartApplication using Java 11.0.27 on LAPTOP-1HM0512E with PID 35824 (D:\java-projects\hmall\cart-service\target\classes started by ZIO in D:\java-projects\hmall)
15:29:07:141 DEBUG 35824 --- [main] cart.com.hmall.user.CartApplication           : Running with Spring Boot v2.7.12, Spring v5.3.27
15:29:07:141  INFO 35824 --- [main] cart.com.hmall.user.CartApplication           : The following 1 profile is active: "dev"
15:29:07:745  INFO 35824 --- [main] o.s.cloud.context.scope.GenericScope     : BeanFactory id=1a338d10-f41f-36ed-8eff-be3098efeaa7
15:29:07:945  INFO 35824 --- [main] o.s.b.w.embedded.tomcat.TomcatWebServer  : Tomcat initialized with port(s): 8080 (http)
15:29:07:951  INFO 35824 --- [main] o.apache.catalina.core.StandardService   : Starting service [Tomcat]
15:29:07:952  INFO 35824 --- [main] org.apache.catalina.core.StandardEngine  : Starting Servlet engine: [Apache Tomcat/9.0.75]
15:29:08:039  INFO 35824 --- [main] o.a.c.c.C.[Tomcat].[localhost].[/]       : Initializing Spring embedded WebApplicationContext
15:29:08:039  INFO 35824 --- [main] w.s.c.ServletWebServerApplicationContext : Root WebApplicationContext: initialization completed in 871 ms
15:29:09:535  INFO 35824 --- [main] pertySourcedRequestMappingHandlerMapping : Mapped URL path [/v2/api-docs] onto method [springfox.documentation.swagger2.web.Swagger2ControllerWebMvc#getDocumentation(String, HttpServletRequest)]
15:29:09:969  INFO 35824 --- [main] com.alibaba.nacos.common.remote.client   : [RpcClientFactory] create a new rpc client of 14f818ba-6d5b-4fbc-b51b-8628140fdb37
15:29:09:993  INFO 35824 --- [main] org.reflections.Reflections              : Reflections took 12 ms to scan 1 urls, producing 3 keys and 6 values 
15:29:10:006  INFO 35824 --- [main] org.reflections.Reflections              : Reflections took 6 ms to scan 1 urls, producing 4 keys and 9 values 
15:29:10:012  INFO 35824 --- [main] org.reflections.Reflections              : Reflections took 5 ms to scan 1 urls, producing 3 keys and 10 values 
15:29:10:013  WARN 35824 --- [main] org.reflections.Reflections              : given scan urls are empty. set urls in the configuration
15:29:10:017  INFO 35824 --- [main] org.reflections.Reflections              : Reflections took 4 ms to scan 1 urls, producing 1 keys and 5 values 
15:29:10:023  INFO 35824 --- [main] org.reflections.Reflections              : Reflections took 5 ms to scan 1 urls, producing 1 keys and 7 values 
15:29:10:029  INFO 35824 --- [main] org.reflections.Reflections              : Reflections took 5 ms to scan 1 urls, producing 2 keys and 8 values 
15:29:10:030  WARN 35824 --- [main] org.reflections.Reflections              : given scan urls are empty. set urls in the configuration
15:29:10:031  INFO 35824 --- [main] com.alibaba.nacos.common.remote.client   : [14f818ba-6d5b-4fbc-b51b-8628140fdb37] RpcClient init label, labels = {module=naming, source=sdk}
15:29:10:032  INFO 35824 --- [main] com.alibaba.nacos.common.remote.client   : [14f818ba-6d5b-4fbc-b51b-8628140fdb37] RpcClient init, ServerListFactory = com.alibaba.nacos.client.naming.core.ServerListManager
15:29:10:032  INFO 35824 --- [main] com.alibaba.nacos.common.remote.client   : [14f818ba-6d5b-4fbc-b51b-8628140fdb37] Registry connection listener to current client:com.alibaba.nacos.client.naming.remote.gprc.redo.NamingGrpcRedoService
15:29:10:032  INFO 35824 --- [main] com.alibaba.nacos.common.remote.client   : [14f818ba-6d5b-4fbc-b51b-8628140fdb37] Register server push request handler:com.alibaba.nacos.client.naming.remote.gprc.NamingPushRequestHandler
15:29:10:033  INFO 35824 --- [main] com.alibaba.nacos.common.remote.client   : [14f818ba-6d5b-4fbc-b51b-8628140fdb37] Try to connect to server on start up, server: {serverIp = '192.168.25.131', server main port = 8848}
15:29:11:258  INFO 35824 --- [main] com.alibaba.nacos.common.remote.client   : [14f818ba-6d5b-4fbc-b51b-8628140fdb37] Success to connect to server [192.168.25.131:8848] on start up, connectionId = 1747207751544_192.168.25.1_54985
15:29:11:259  INFO 35824 --- [main] com.alibaba.nacos.common.remote.client   : [14f818ba-6d5b-4fbc-b51b-8628140fdb37] Register server push request handler:com.alibaba.nacos.common.remote.client.RpcClient$ConnectResetRequestHandler
15:29:11:259  INFO 35824 --- [com.alibaba.nacos.client.remote.worker] com.alibaba.nacos.common.remote.client   : [14f818ba-6d5b-4fbc-b51b-8628140fdb37] Notify connected event to listeners.
15:29:11:260  INFO 35824 --- [main] com.alibaba.nacos.common.remote.client   : [14f818ba-6d5b-4fbc-b51b-8628140fdb37] Register server push request handler:com.alibaba.nacos.common.remote.client.RpcClient$$Lambda$938/0x0000000840626040
15:29:11:299  WARN 35824 --- [main] ConfigServletWebServerApplicationContext : Exception encountered during context initialization - cancelling refresh attempt: org.springframework.context.ApplicationContextException: Failed to start bean 'webServerStartStop'; nested exception is org.springframework.boot.web.server.PortInUseException: Port 8080 is already in use
15:29:11:870  INFO 35824 --- [nacos-grpc-client-executor-7] com.alibaba.nacos.common.remote.client   : [14f818ba-6d5b-4fbc-b51b-8628140fdb37] Receive server push request, request = NotifySubscriberRequest, requestId = 4
15:29:11:873  INFO 35824 --- [nacos-grpc-client-executor-7] com.alibaba.nacos.common.remote.client   : [14f818ba-6d5b-4fbc-b51b-8628140fdb37] Ack server push request, request = NotifySubscriberRequest, requestId = 4
15:29:11:965  INFO 35824 --- [main] com.alibaba.nacos.common.remote.client   : Shutdown rpc client, set status to shutdown
15:29:11:965  INFO 35824 --- [main] com.alibaba.nacos.common.remote.client   : Shutdown client event executor java.util.concurrent.ScheduledThreadPoolExecutor@55317c63[Running, pool size = 2, active threads = 2, queued tasks = 0, completed tasks = 0]
15:29:11:965  INFO 35824 --- [main] com.alibaba.nacos.common.remote.client   : Close current connection 1747207751544_192.168.25.1_54985
15:29:11:967  INFO 35824 --- [nacos-grpc-client-executor-8] c.a.n.c.remote.client.grpc.GrpcClient    : [1747207751544_192.168.25.1_54985]Ignore complete event,isRunning:false,isAbandon=false
15:29:11:968  INFO 35824 --- [main] c.a.n.c.remote.client.grpc.GrpcClient    : Shutdown grpc executor java.util.concurrent.ThreadPoolExecutor@20556566[Running, pool size = 9, active threads = 0, queued tasks = 0, completed tasks = 9]
15:29:11:970  INFO 35824 --- [main] com.alibaba.nacos.common.remote.client   : [RpcClientFactory] create a new rpc client of 52b9fa64-45a1-40f4-9e81-285dea01f3bf
15:29:11:971  INFO 35824 --- [main] com.alibaba.nacos.common.remote.client   : [52b9fa64-45a1-40f4-9e81-285dea01f3bf] RpcClient init label, labels = {module=naming, source=sdk}
15:29:11:972  INFO 35824 --- [main] com.alibaba.nacos.common.remote.client   : [52b9fa64-45a1-40f4-9e81-285dea01f3bf] RpcClient init, ServerListFactory = com.alibaba.nacos.client.naming.core.ServerListManager
15:29:11:972  INFO 35824 --- [main] com.alibaba.nacos.common.remote.client   : [52b9fa64-45a1-40f4-9e81-285dea01f3bf] Registry connection listener to current client:com.alibaba.nacos.client.naming.remote.gprc.redo.NamingGrpcRedoService
15:29:11:972  INFO 35824 --- [main] com.alibaba.nacos.common.remote.client   : [52b9fa64-45a1-40f4-9e81-285dea01f3bf] Register server push request handler:com.alibaba.nacos.client.naming.remote.gprc.NamingPushRequestHandler
15:29:11:973  INFO 35824 --- [main] com.alibaba.nacos.common.remote.client   : [52b9fa64-45a1-40f4-9e81-285dea01f3bf] Try to connect to server on start up, server: {serverIp = '192.168.25.131', server main port = 8848}
15:29:12:107  INFO 35824 --- [main] com.alibaba.nacos.common.remote.client   : [52b9fa64-45a1-40f4-9e81-285dea01f3bf] Success to connect to server [192.168.25.131:8848] on start up, connectionId = 1747207752446_192.168.25.1_54986
15:29:12:107  INFO 35824 --- [main] com.alibaba.nacos.common.remote.client   : [52b9fa64-45a1-40f4-9e81-285dea01f3bf] Register server push request handler:com.alibaba.nacos.common.remote.client.RpcClient$ConnectResetRequestHandler
15:29:12:107  INFO 35824 --- [com.alibaba.nacos.client.remote.worker] com.alibaba.nacos.common.remote.client   : [52b9fa64-45a1-40f4-9e81-285dea01f3bf] Notify connected event to listeners.
15:29:12:107  INFO 35824 --- [main] com.alibaba.nacos.common.remote.client   : [52b9fa64-45a1-40f4-9e81-285dea01f3bf] Register server push request handler:com.alibaba.nacos.common.remote.client.RpcClient$$Lambda$938/0x0000000840626040
15:29:12:127  INFO 35824 --- [main] o.apache.catalina.core.StandardService   : Stopping service [Tomcat]
15:29:12:144  INFO 35824 --- [main] ConditionEvaluationReportLoggingListener : 

Error starting ApplicationContext. To display the conditions report re-run your application with 'debug' enabled.
15:29:12:164 ERROR 35824 --- [main] o.s.b.d.LoggingFailureAnalysisReporter   : 

***************************
APPLICATION FAILED TO START
***************************

Description:

Web server failed to start. Port 8080 was already in use.

Action:

Identify and stop the process that's listening on port 8080 or configure this application to listen on another port.

15:29:12:165  WARN 35824 --- [Thread-4] c.a.nacos.common.notify.NotifyCenter     : [NotifyCenter] Start destroying Publisher
15:29:12:165  WARN 35824 --- [Thread-7] c.a.n.common.http.HttpClientBeanHolder   : [HttpClientBeanHolder] Start destroying common HttpClient
15:29:12:165  WARN 35824 --- [Thread-4] c.a.nacos.common.notify.NotifyCenter     : [NotifyCenter] Destruction of the end
15:29:12:165  WARN 35824 --- [Thread-7] c.a.n.common.http.HttpClientBeanHolder   : [HttpClientBeanHolder] Destruction of the end
16:00:48:617  INFO 28888 --- [SpringApplicationShutdownHook] com.zaxxer.hikari.HikariDataSource       : HikariPool-1 - Shutdown initiated...
16:00:48:639  INFO 28888 --- [SpringApplicationShutdownHook] com.zaxxer.hikari.HikariDataSource       : HikariPool-1 - Shutdown completed.
